{
  "RSpec": {
    "coverage": {
      "/Users/andela/Projects/preqc/config/environment.rb": [
        null,
        1,
        null,
        null,
        1
      ],
      "/Users/andela/Projects/preqc/config/application.rb": [
        1,
        null,
        1,
        null,
        null,
        null,
        1,
        null,
        1,
        1,
        null,
        null,
        null,
        null,
        null
      ],
      "/Users/andela/Projects/preqc/config/boot.rb": [
        1,
        null,
        1
      ],
      "/Users/andela/Projects/preqc/config/environments/test.rb": [
        1,
        null,
        null,
        null,
        null,
        null,
        null,
        1,
        null,
        null,
        null,
        null,
        1,
        null,
        null,
        1,
        1,
        null,
        null,
        null,
        null,
        1,
        1,
        null,
        null,
        1,
        null,
        null,
        1,
        1,
        null,
        null,
        null,
        null,
        1,
        null,
        null,
        1,
        null,
        null,
        null,
        null
      ],
      "/Users/andela/Projects/preqc/config/initializers/application_controller_renderer.rb": [
        null,
        null,
        null,
        null,
        null,
        null
      ],
      "/Users/andela/Projects/preqc/config/initializers/assets.rb": [
        null,
        null,
        null,
        1,
        null,
        null,
        null,
        null,
        null,
        null,
        null
      ],
      "/Users/andela/Projects/preqc/config/initializers/backtrace_silencers.rb": [
        null,
        null,
        null,
        null,
        null,
        null,
        null
      ],
      "/Users/andela/Projects/preqc/config/initializers/cookies_serializer.rb": [
        null,
        null,
        null,
        null,
        1
      ],
      "/Users/andela/Projects/preqc/config/initializers/filter_parameter_logging.rb": [
        null,
        null,
        null,
        1
      ],
      "/Users/andela/Projects/preqc/config/initializers/inflections.rb": [
        null,
        null,
        null,
        null,
        null,
        null,
        null,
        null,
        null,
        null,
        null,
        null,
        null,
        null,
        null,
        null
      ],
      "/Users/andela/Projects/preqc/config/initializers/mime_types.rb": [
        null,
        null,
        null,
        null
      ],
      "/Users/andela/Projects/preqc/config/initializers/new_framework_defaults.rb": [
        null,
        null,
        null,
        null,
        null,
        null,
        null,
        1,
        null,
        null,
        1,
        null,
        null,
        null,
        1,
        null,
        null,
        1,
        null,
        null,
        1,
        null,
        null,
        1
      ],
      "/Users/andela/Projects/preqc/config/initializers/session_store.rb": [
        null,
        null,
        1
      ],
      "/Users/andela/Projects/preqc/config/initializers/wrap_parameters.rb": [
        null,
        null,
        null,
        null,
        null,
        null,
        1,
        2,
        null,
        null,
        null,
        null,
        null,
        null
      ],
      "/Users/andela/Projects/preqc/app/helpers/application_helper.rb": [
        1,
        null
      ],
      "/Users/andela/Projects/preqc/app/helpers/sessions_helper.rb": [
        1,
        null
      ],
      "/Users/andela/Projects/preqc/config/routes.rb": [
        1,
        1,
        1,
        null
      ],
      "/Users/andela/Projects/preqc/app/controllers/sessions_controller.rb": [
        1,
        1,
        null,
        null,
        1,
        2,
        2,
        1,
        1,
        null,
        1,
        1,
        null,
        null,
        null,
        1,
        null,
        1,
        3,
        null,
        null
      ],
      "/Users/andela/Projects/preqc/app/controllers/application_controller.rb": [
        1,
        1,
        null
      ],
      "/Users/andela/Projects/preqc/app/models/user.rb": [
        1,
        1,
        1,
        null,
        null,
        null,
        null,
        null,
        1,
        null,
        null,
        null,
        null,
        null,
        null
      ],
      "/Users/andela/Projects/preqc/app/models/application_record.rb": [
        1,
        1,
        null
      ]
    },
    "timestamp": 1476376152
  }
}
